1615858350560	geckodriver	INFO	Listening on 127.0.0.1:55301
1615858351568	mozrunner::runner	INFO	Running command: "/usr/bin/firefox" "--marionette" "-foreground" "-no-remote" "-profile" "/tmp/rust_mozprofileOQBwWh"
console.warn: SearchSettings: "get: No settings file exists, new profile?" (new Error("", "(unknown module)"))
1615858353385	Marionette	INFO	Listening on port 42273
1615858353497	Marionette	WARN	TLS certificate errors will be ignored for this session
1615858354181	Marionette	INFO	Stopped listening on port 42273
JavaScript error: resource://activity-stream/lib/ASRouter.jsm, line 988: NS_ERROR_ILLEGAL_VALUE: Component returned failure code: 0x80070057 (NS_ERROR_ILLEGAL_VALUE) [nsIObserverService.removeObserver]
console.warn: services.settings: main/whats-new-panel sync interrupted by shutdown

###!!! [Parent][RunMessage] Error: Channel closing: too late to send/recv, messages will be lost

1615858393450	geckodriver	INFO	Listening on 127.0.0.1:55305
1615858393453	mozrunner::runner	INFO	Running command: "/usr/bin/firefox" "--marionette" "-foreground" "-no-remote" "-profile" "/tmp/rust_mozprofileaeq3GR"
console.warn: SearchSettings: "get: No settings file exists, new profile?" (new Error("", "(unknown module)"))
1615858394909	Marionette	INFO	Listening on port 43023
1615858394986	Marionette	WARN	TLS certificate errors will be ignored for this session
1615858395763	Marionette	INFO	Stopped listening on port 43023
JavaScript error: resource://activity-stream/lib/ASRouter.jsm, line 988: NS_ERROR_ILLEGAL_VALUE: Component returned failure code: 0x80070057 (NS_ERROR_ILLEGAL_VALUE) [nsIObserverService.removeObserver]

###!!! [Parent][RunMessage] Error: Channel closing: too late to send/recv, messages will be lost

1615858788991	geckodriver	INFO	Listening on 127.0.0.1:44959
1615858788995	mozrunner::runner	INFO	Running command: "/usr/bin/firefox" "--marionette" "-foreground" "-no-remote" "-profile" "/tmp/rust_mozprofileO967Fh"
console.warn: SearchSettings: "get: No settings file exists, new profile?" (new Error("", "(unknown module)"))
1615858790541	Marionette	INFO	Listening on port 36501
1615858790615	Marionette	WARN	TLS certificate errors will be ignored for this session
1615858790837	Marionette	INFO	Stopped listening on port 36501
JavaScript error: resource://activity-stream/lib/ASRouter.jsm, line 988: NS_ERROR_ILLEGAL_VALUE: Component returned failure code: 0x80070057 (NS_ERROR_ILLEGAL_VALUE) [nsIObserverService.removeObserver]
console.warn: services.settings: main/partitioning-exempt-urls sync interrupted by shutdown

###!!! [Parent][RunMessage] Error: Channel closing: too late to send/recv, messages will be lost

1616521913412	geckodriver	INFO	Listening on 127.0.0.1:39117
1616521914416	mozrunner::runner	INFO	Running command: "/usr/bin/firefox" "--marionette" "-foreground" "-no-remote" "-profile" "/tmp/rust_mozprofileue5MHL"
console.warn: SearchSettings: "get: No settings file exists, new profile?" (new Error("", "(unknown module)"))
1616521916253	Marionette	INFO	Listening on port 34107
1616521916341	Marionette	WARN	TLS certificate errors will be ignored for this session
1616521917052	Marionette	INFO	Stopped listening on port 34107

###!!! [Parent][RunMessage] Error: Channel closing: too late to send/recv, messages will be lost

